# JRE version: OpenJDK Runtime Environment (11.0.13) (build 11.0.13+0-b1751.21-8125866)
# Java VM: OpenJDK 64-Bit Server VM (11.0.13+0-b1751.21-8125866, mixed mode, tiered, compressed oops, g1 gc, windows-amd64)
Heap:
 garbage-first heap   total 273408K, used 144146K [0x0000000080000000, 0x0000000100000000)
  region size 1024K, 3 young (3072K), 3 survivors (3072K)
 Metaspace       used 127121K, capacity 130223K, committed 130492K, reserved 1163264K
  class space    used 15622K, capacity 16817K, committed 16844K, reserved 1048576K
GC Heap History (20 events):
Event: 38.095 GC heap after
{Heap after GC invocations=37 (full 0):
 garbage-first heap   total 227328K, used 148480K [0x0000000080000000, 0x0000000100000000)
  region size 1024K, 7 young (7168K), 7 survivors (7168K)
 Metaspace       used 119367K, capacity 122082K, committed 122556K, reserved 1157120K
  class space    used 14649K, capacity 15698K, committed 15820K, reserved 1048576K
}
Event: 38.552 GC heap before
{Heap before GC invocations=38 (full 0):
 garbage-first heap   total 227328K, used 185344K [0x0000000080000000, 0x0000000100000000)
  region size 1024K, 44 young (45056K), 7 survivors (7168K)
 Metaspace       used 122803K, capacity 125733K, committed 126012K, reserved 1159168K
  class space    used 15241K, capacity 16368K, committed 16460K, reserved 1048576K
}
Event: 38.565 GC heap after
{Heap after GC invocations=39 (full 0):
 garbage-first heap   total 227328K, used 152901K [0x0000000080000000, 0x0000000100000000)
  region size 1024K, 4 young (4096K), 4 survivors (4096K)
 Metaspace       used 122803K, capacity 125733K, committed 126012K, reserved 1159168K
  class space    used 15241K, capacity 16368K, committed 16460K, reserved 1048576K
}
Event: 38.632 GC heap before
{Heap before GC invocations=39 (full 0):
 garbage-first heap   total 227328K, used 160069K [0x0000000080000000, 0x0000000100000000)
  region size 1024K, 11 young (11264K), 4 survivors (4096K)
 Metaspace       used 123123K, capacity 126092K, committed 126268K, reserved 1159168K
  class space    used 15277K, capacity 16419K, committed 16460K, reserved 1048576K
}
Event: 38.639 GC heap after
{Heap after GC invocations=40 (full 0):
 garbage-first heap   total 227328K, used 149081K [0x0000000080000000, 0x0000000100000000)
  region size 1024K, 1 young (1024K), 1 survivors (1024K)
 Metaspace       used 123123K, capacity 126092K, committed 126268K, reserved 1159168K
  class space    used 15277K, capacity 16419K, committed 16460K, reserved 1048576K
}
Event: 39.037 GC heap before
{Heap before GC invocations=40 (full 0):
 garbage-first heap   total 227328K, used 186969K [0x0000000080000000, 0x0000000100000000)
  region size 1024K, 38 young (38912K), 1 survivors (1024K)
 Metaspace       used 124658K, capacity 127737K, committed 128060K, reserved 1161216K
  class space    used 15420K, capacity 16598K, committed 16716K, reserved 1048576K
}
Event: 39.040 GC heap after
{Heap after GC invocations=41 (full 0):
 garbage-first heap   total 227328K, used 149238K [0x0000000080000000, 0x0000000100000000)
  region size 1024K, 1 young (1024K), 1 survivors (1024K)
 Metaspace       used 124658K, capacity 127737K, committed 128060K, reserved 1161216K
  class space    used 15420K, capacity 16598K, committed 16716K, reserved 1048576K
}
Event: 39.480 GC heap before
{Heap before GC invocations=42 (full 0):
 garbage-first heap   total 227328K, used 189174K [0x0000000080000000, 0x0000000100000000)
  region size 1024K, 40 young (40960K), 1 survivors (1024K)
 Metaspace       used 125422K, capacity 128452K, committed 128828K, reserved 1161216K
  class space    used 15444K, capacity 16585K, committed 16716K, reserved 1048576K
}
Event: 39.486 GC heap after
{Heap after GC invocations=43 (full 0):
 garbage-first heap   total 227328K, used 149437K [0x0000000080000000, 0x0000000100000000)
  region size 1024K, 1 young (1024K), 1 survivors (1024K)
 Metaspace       used 125422K, capacity 128452K, committed 128828K, reserved 1161216K
  class space    used 15444K, capacity 16585K, committed 16716K, reserved 1048576K
}
Event: 39.514 GC heap before
{Heap before GC invocations=43 (full 0):
 garbage-first heap   total 227328K, used 159677K [0x0000000080000000, 0x0000000100000000)
  region size 1024K, 11 young (11264K), 1 survivors (1024K)
 Metaspace       used 125438K, capacity 128465K, committed 128828K, reserved 1161216K
  class space    used 15446K, capacity 16590K, committed 16716K, reserved 1048576K
}
Event: 39.522 GC heap after
{Heap after GC invocations=44 (full 0):
 garbage-first heap   total 227328K, used 143076K [0x0000000080000000, 0x0000000100000000)
  region size 1024K, 2 young (2048K), 2 survivors (2048K)
 Metaspace       used 125438K, capacity 128465K, committed 128828K, reserved 1161216K
  class space    used 15446K, capacity 16590K, committed 16716K, reserved 1048576K
}
Event: 39.769 GC heap before
{Heap before GC invocations=44 (full 0):
 garbage-first heap   total 227328K, used 186084K [0x0000000080000000, 0x0000000100000000)
  region size 1024K, 44 young (45056K), 2 survivors (2048K)
 Metaspace       used 126106K, capacity 129145K, committed 129340K, reserved 1163264K
  class space    used 15527K, capacity 16664K, committed 16716K, reserved 1048576K
}
Event: 39.772 GC heap after
{Heap after GC invocations=45 (full 0):
 garbage-first heap   total 227328K, used 143340K [0x0000000080000000, 0x0000000100000000)
  region size 1024K, 2 young (2048K), 2 survivors (2048K)
 Metaspace       used 126106K, capacity 129145K, committed 129340K, reserved 1163264K
  class space    used 15527K, capacity 16664K, committed 16716K, reserved 1048576K
}
Event: 39.940 GC heap before
{Heap before GC invocations=45 (full 0):
 garbage-first heap   total 227328K, used 188396K [0x0000000080000000, 0x0000000100000000)
  region size 1024K, 46 young (47104K), 2 survivors (2048K)
 Metaspace       used 126472K, capacity 129528K, committed 129724K, reserved 1163264K
  class space    used 15566K, capacity 16726K, committed 16844K, reserved 1048576K
}
Event: 39.945 GC heap after
{Heap after GC invocations=46 (full 0):
 garbage-first heap   total 227328K, used 144273K [0x0000000080000000, 0x0000000100000000)
  region size 1024K, 3 young (3072K), 3 survivors (3072K)
 Metaspace       used 126472K, capacity 129528K, committed 129724K, reserved 1163264K
  class space    used 15566K, capacity 16726K, committed 16844K, reserved 1048576K
}
Event: 40.173 GC heap before
{Heap before GC invocations=46 (full 0):
 garbage-first heap   total 227328K, used 190353K [0x0000000080000000, 0x0000000100000000)
  region size 1024K, 48 young (49152K), 3 survivors (3072K)
 Metaspace       used 126767K, capacity 129858K, committed 129980K, reserved 1163264K
  class space    used 15605K, capacity 16771K, committed 16844K, reserved 1048576K
}
Event: 40.177 GC heap after
{Heap after GC invocations=47 (full 0):
 garbage-first heap   total 227328K, used 144017K [0x0000000080000000, 0x0000000100000000)
  region size 1024K, 2 young (2048K), 2 survivors (2048K)
 Metaspace       used 126767K, capacity 129858K, committed 129980K, reserved 1163264K
  class space    used 15605K, capacity 16771K, committed 16844K, reserved 1048576K
}
Event: 40.380 GC heap before
{Heap before GC invocations=47 (full 0):
 garbage-first heap   total 227328K, used 192145K [0x0000000080000000, 0x0000000100000000)
  region size 1024K, 49 young (50176K), 2 survivors (2048K)
 Metaspace       used 126835K, capacity 129937K, committed 130236K, reserved 1163264K
  class space    used 15607K, capacity 16774K, committed 16844K, reserved 1048576K
}
Event: 40.384 GC heap after
{Heap after GC invocations=48 (full 0):
 garbage-first heap   total 227328K, used 144999K [0x0000000080000000, 0x0000000100000000)
  region size 1024K, 3 young (3072K), 3 survivors (3072K)
 Metaspace       used 126835K, capacity 129937K, committed 130236K, reserved 1163264K
  class space    used 15607K, capacity 16774K, committed 16844K, reserved 1048576K
}
Event: 40.585 GC heap before
{Heap before GC invocations=48 (full 0):
 garbage-first heap   total 227328K, used 192103K [0x0000000080000000, 0x0000000100000000)
  region size 1024K, 50 young (51200K), 3 survivors (3072K)
 Metaspace       used 127121K, capacity 130223K, committed 130492K, reserved 1163264K
  class space    used 15622K, capacity 16817K, committed 16844K, reserved 1048576K
}

