# JRE version: OpenJDK Runtime Environment (11.0.13) (build 11.0.13+0-b1751.21-8125866)
# Java VM: OpenJDK 64-Bit Server VM (11.0.13+0-b1751.21-8125866, mixed mode, tiered, compressed oops, g1 gc, windows-amd64)
Heap:
 garbage-first heap   total 285696K, used 125795K [0x0000000080000000, 0x0000000100000000)
  region size 1024K, 1 young (1024K), 1 survivors (1024K)
 Metaspace       used 108627K, capacity 111274K, committed 111360K, reserved 1146880K
  class space    used 13802K, capacity 14875K, committed 14880K, reserved 1048576K
GC Heap History (20 events):
Event: 18.459 GC heap after
{Heap after GC invocations=35 (full 0):
 garbage-first heap   total 227328K, used 111616K [0x0000000080000000, 0x0000000100000000)
  region size 1024K, 2 young (2048K), 2 survivors (2048K)
 Metaspace       used 107244K, capacity 109693K, committed 110080K, reserved 1144832K
  class space    used 13653K, capacity 14656K, committed 14880K, reserved 1048576K
}
Event: 18.912 GC heap before
{Heap before GC invocations=36 (full 0):
 garbage-first heap   total 227328K, used 183296K [0x0000000080000000, 0x0000000100000000)
  region size 1024K, 72 young (73728K), 2 survivors (2048K)
 Metaspace       used 107977K, capacity 110481K, committed 110592K, reserved 1144832K
  class space    used 13750K, capacity 14786K, committed 14880K, reserved 1048576K
}
Event: 18.918 GC heap after
{Heap after GC invocations=37 (full 0):
 garbage-first heap   total 227328K, used 112437K [0x0000000080000000, 0x0000000100000000)
  region size 1024K, 3 young (3072K), 3 survivors (3072K)
 Metaspace       used 107977K, capacity 110481K, committed 110592K, reserved 1144832K
  class space    used 13750K, capacity 14786K, committed 14880K, reserved 1048576K
}
Event: 19.166 GC heap before
{Heap before GC invocations=37 (full 0):
 garbage-first heap   total 227328K, used 185141K [0x0000000080000000, 0x0000000100000000)
  region size 1024K, 74 young (75776K), 3 survivors (3072K)
 Metaspace       used 108320K, capacity 110861K, committed 111104K, reserved 1146880K
  class space    used 13792K, capacity 14840K, committed 14880K, reserved 1048576K
}
Event: 19.172 GC heap after
{Heap after GC invocations=38 (full 0):
 garbage-first heap   total 227328K, used 111953K [0x0000000080000000, 0x0000000100000000)
  region size 1024K, 3 young (3072K), 3 survivors (3072K)
 Metaspace       used 108320K, capacity 110861K, committed 111104K, reserved 1146880K
  class space    used 13792K, capacity 14840K, committed 14880K, reserved 1048576K
}
Event: 19.636 GC heap before
{Heap before GC invocations=39 (full 0):
 garbage-first heap   total 227328K, used 186705K [0x0000000080000000, 0x0000000100000000)
  region size 1024K, 76 young (77824K), 3 survivors (3072K)
 Metaspace       used 108346K, capacity 110893K, committed 111104K, reserved 1146880K
  class space    used 13798K, capacity 14872K, committed 14880K, reserved 1048576K
}
Event: 19.646 GC heap after
{Heap after GC invocations=40 (full 0):
 garbage-first heap   total 227328K, used 112051K [0x0000000080000000, 0x0000000100000000)
  region size 1024K, 3 young (3072K), 3 survivors (3072K)
 Metaspace       used 108346K, capacity 110893K, committed 111104K, reserved 1146880K
  class space    used 13798K, capacity 14872K, committed 14880K, reserved 1048576K
}
Event: 19.893 GC heap before
{Heap before GC invocations=40 (full 0):
 garbage-first heap   total 227328K, used 187827K [0x0000000080000000, 0x0000000100000000)
  region size 1024K, 77 young (78848K), 3 survivors (3072K)
 Metaspace       used 108436K, capacity 110979K, committed 111104K, reserved 1146880K
  class space    used 13798K, capacity 14872K, committed 14880K, reserved 1048576K
}
Event: 19.898 GC heap after
{Heap after GC invocations=41 (full 0):
 garbage-first heap   total 227328K, used 112872K [0x0000000080000000, 0x0000000100000000)
  region size 1024K, 4 young (4096K), 4 survivors (4096K)
 Metaspace       used 108436K, capacity 110979K, committed 111104K, reserved 1146880K
  class space    used 13798K, capacity 14872K, committed 14880K, reserved 1048576K
}
Event: 20.438 GC heap before
{Heap before GC invocations=42 (full 0):
 garbage-first heap   total 227328K, used 190696K [0x0000000080000000, 0x0000000100000000)
  region size 1024K, 79 young (80896K), 4 survivors (4096K)
 Metaspace       used 108535K, capacity 111069K, committed 111104K, reserved 1146880K
  class space    used 13802K, capacity 14874K, committed 14880K, reserved 1048576K
}
Event: 20.443 GC heap after
{Heap after GC invocations=43 (full 0):
 garbage-first heap   total 227328K, used 112038K [0x0000000080000000, 0x0000000100000000)
  region size 1024K, 3 young (3072K), 3 survivors (3072K)
 Metaspace       used 108535K, capacity 111069K, committed 111104K, reserved 1146880K
  class space    used 13802K, capacity 14874K, committed 14880K, reserved 1048576K
}
Event: 20.474 GC heap before
{Heap before GC invocations=43 (full 0):
 garbage-first heap   total 227328K, used 119206K [0x0000000080000000, 0x0000000100000000)
  region size 1024K, 11 young (11264K), 3 survivors (3072K)
 Metaspace       used 108538K, capacity 111069K, committed 111104K, reserved 1146880K
  class space    used 13802K, capacity 14874K, committed 14880K, reserved 1048576K
}
Event: 20.480 GC heap after
{Heap after GC invocations=44 (full 0):
 garbage-first heap   total 227328K, used 111697K [0x0000000080000000, 0x0000000100000000)
  region size 1024K, 2 young (2048K), 2 survivors (2048K)
 Metaspace       used 108538K, capacity 111069K, committed 111104K, reserved 1146880K
  class space    used 13802K, capacity 14874K, committed 14880K, reserved 1048576K
}
Event: 20.700 GC heap before
{Heap before GC invocations=44 (full 0):
 garbage-first heap   total 227328K, used 191569K [0x0000000080000000, 0x0000000100000000)
  region size 1024K, 80 young (81920K), 2 survivors (2048K)
 Metaspace       used 108583K, capacity 111206K, committed 111360K, reserved 1146880K
  class space    used 13802K, capacity 14874K, committed 14880K, reserved 1048576K
}
Event: 20.725 GC heap after
{Heap after GC invocations=45 (full 0):
 garbage-first heap   total 227328K, used 121621K [0x0000000080000000, 0x0000000100000000)
  region size 1024K, 10 young (10240K), 10 survivors (10240K)
 Metaspace       used 108583K, capacity 111206K, committed 111360K, reserved 1146880K
  class space    used 13802K, capacity 14874K, committed 14880K, reserved 1048576K
}
Event: 21.116 GC heap before
{Heap before GC invocations=46 (full 0):
 garbage-first heap   total 227328K, used 190229K [0x0000000080000000, 0x0000000100000000)
  region size 1024K, 77 young (78848K), 10 survivors (10240K)
 Metaspace       used 108614K, capacity 111206K, committed 111360K, reserved 1146880K
  class space    used 13802K, capacity 14874K, committed 14880K, reserved 1048576K
}
Event: 21.128 GC heap after
{Heap after GC invocations=47 (full 0):
 garbage-first heap   total 227328K, used 128388K [0x0000000080000000, 0x0000000100000000)
  region size 1024K, 9 young (9216K), 9 survivors (9216K)
 Metaspace       used 108614K, capacity 111206K, committed 111360K, reserved 1146880K
  class space    used 13802K, capacity 14874K, committed 14880K, reserved 1048576K
}
Event: 21.133 GC heap before
{Heap before GC invocations=47 (full 0):
 garbage-first heap   total 227328K, used 130436K [0x0000000080000000, 0x0000000100000000)
  region size 1024K, 11 young (11264K), 9 survivors (9216K)
 Metaspace       used 108614K, capacity 111206K, committed 111360K, reserved 1146880K
  class space    used 13802K, capacity 14874K, committed 14880K, reserved 1048576K
}
Event: 21.139 GC heap after
{Heap after GC invocations=48 (full 0):
 garbage-first heap   total 227328K, used 125853K [0x0000000080000000, 0x0000000100000000)
  region size 1024K, 1 young (1024K), 1 survivors (1024K)
 Metaspace       used 108614K, capacity 111206K, committed 111360K, reserved 1146880K
  class space    used 13802K, capacity 14874K, committed 14880K, reserved 1048576K
}
Event: 21.359 GC heap before
{Heap before GC invocations=48 (full 0):
 garbage-first heap   total 227328K, used 189341K [0x0000000080000000, 0x0000000100000000)
  region size 1024K, 63 young (64512K), 1 survivors (1024K)
 Metaspace       used 108627K, capacity 111274K, committed 111360K, reserved 1146880K
  class space    used 13802K, capacity 14875K, committed 14880K, reserved 1048576K
}

