# JRE version: OpenJDK Runtime Environment (11.0.13) (build 11.0.13+0-b1751.21-8125866)
# Java VM: OpenJDK 64-Bit Server VM (11.0.13+0-b1751.21-8125866, mixed mode, tiered, compressed oops, g1 gc, windows-amd64)
Heap:
 garbage-first heap   total 227328K, used 112787K [0x0000000080000000, 0x0000000100000000)
  region size 1024K, 5 young (5120K), 5 survivors (5120K)
 Metaspace       used 111153K, capacity 113631K, committed 113744K, reserved 1157120K
  class space    used 13809K, capacity 14785K, committed 14848K, reserved 1048576K
GC Heap History (20 events):
Event: 22.056 GC heap before
{Heap before GC invocations=28 (full 0):
 garbage-first heap   total 189440K, used 161280K [0x0000000080000000, 0x0000000100000000)
  region size 1024K, 42 young (43008K), 7 survivors (7168K)
 Metaspace       used 94046K, capacity 96221K, committed 96464K, reserved 1132544K
  class space    used 11835K, capacity 12653K, committed 12672K, reserved 1048576K
}
Event: 22.072 GC heap after
{Heap after GC invocations=29 (full 0):
 garbage-first heap   total 189440K, used 117760K [0x0000000080000000, 0x0000000100000000)
  region size 1024K, 6 young (6144K), 6 survivors (6144K)
 Metaspace       used 94046K, capacity 96221K, committed 96464K, reserved 1132544K
  class space    used 11835K, capacity 12653K, committed 12672K, reserved 1048576K
}
Event: 22.585 GC heap before
{Heap before GC invocations=29 (full 0):
 garbage-first heap   total 189440K, used 152576K [0x0000000080000000, 0x0000000100000000)
  region size 1024K, 40 young (40960K), 6 survivors (6144K)
 Metaspace       used 96271K, capacity 98461K, committed 98768K, reserved 1134592K
  class space    used 12017K, capacity 12845K, committed 12928K, reserved 1048576K
}
Event: 22.599 GC heap after
{Heap after GC invocations=30 (full 0):
 garbage-first heap   total 189440K, used 123904K [0x0000000080000000, 0x0000000100000000)
  region size 1024K, 5 young (5120K), 5 survivors (5120K)
 Metaspace       used 96271K, capacity 98461K, committed 98768K, reserved 1134592K
  class space    used 12017K, capacity 12845K, committed 12928K, reserved 1048576K
}
Event: 22.961 GC heap before
{Heap before GC invocations=31 (full 0):
 garbage-first heap   total 189440K, used 141312K [0x0000000080000000, 0x0000000100000000)
  region size 1024K, 35 young (35840K), 5 survivors (5120K)
 Metaspace       used 96469K, capacity 98599K, committed 98768K, reserved 1134592K
  class space    used 12025K, capacity 12845K, committed 12928K, reserved 1048576K
}
Event: 22.969 GC heap after
{Heap after GC invocations=32 (full 0):
 garbage-first heap   total 189440K, used 111117K [0x0000000080000000, 0x0000000100000000)
  region size 1024K, 2 young (2048K), 2 survivors (2048K)
 Metaspace       used 96469K, capacity 98599K, committed 98768K, reserved 1134592K
  class space    used 12025K, capacity 12845K, committed 12928K, reserved 1048576K
}
Event: 23.035 GC heap before
{Heap before GC invocations=32 (full 0):
 garbage-first heap   total 189440K, used 117261K [0x0000000080000000, 0x0000000100000000)
  region size 1024K, 9 young (9216K), 2 survivors (2048K)
 Metaspace       used 96501K, capacity 98663K, committed 99024K, reserved 1136640K
  class space    used 12027K, capacity 12845K, committed 12928K, reserved 1048576K
}
Event: 23.041 GC heap after
{Heap after GC invocations=33 (full 0):
 garbage-first heap   total 189440K, used 98704K [0x0000000080000000, 0x0000000100000000)
  region size 1024K, 1 young (1024K), 1 survivors (1024K)
 Metaspace       used 96501K, capacity 98663K, committed 99024K, reserved 1136640K
  class space    used 12027K, capacity 12845K, committed 12928K, reserved 1048576K
}
Event: 24.127 GC heap before
{Heap before GC invocations=33 (full 0):
 garbage-first heap   total 189440K, used 140688K [0x0000000080000000, 0x0000000100000000)
  region size 1024K, 43 young (44032K), 1 survivors (1024K)
 Metaspace       used 98183K, capacity 100350K, committed 100432K, reserved 1136640K
  class space    used 12189K, capacity 13042K, committed 13056K, reserved 1048576K
}
Event: 24.131 GC heap after
{Heap after GC invocations=34 (full 0):
 garbage-first heap   total 189440K, used 99119K [0x0000000080000000, 0x0000000100000000)
  region size 1024K, 2 young (2048K), 2 survivors (2048K)
 Metaspace       used 98183K, capacity 100350K, committed 100432K, reserved 1136640K
  class space    used 12189K, capacity 13042K, committed 13056K, reserved 1048576K
}
Event: 24.669 GC heap before
{Heap before GC invocations=35 (full 0):
 garbage-first heap   total 189440K, used 140079K [0x0000000080000000, 0x0000000100000000)
  region size 1024K, 46 young (47104K), 2 survivors (2048K)
 Metaspace       used 99881K, capacity 102022K, committed 102224K, reserved 1138688K
  class space    used 12393K, capacity 13248K, committed 13312K, reserved 1048576K
}
Event: 24.675 GC heap after
{Heap after GC invocations=36 (full 0):
 garbage-first heap   total 189440K, used 96948K [0x0000000080000000, 0x0000000100000000)
  region size 1024K, 3 young (3072K), 3 survivors (3072K)
 Metaspace       used 99881K, capacity 102022K, committed 102224K, reserved 1138688K
  class space    used 12393K, capacity 13248K, committed 13312K, reserved 1048576K
}
Event: 24.712 GC heap before
{Heap before GC invocations=36 (full 0):
 garbage-first heap   total 189440K, used 103092K [0x0000000080000000, 0x0000000100000000)
  region size 1024K, 9 young (9216K), 3 survivors (3072K)
 Metaspace       used 100311K, capacity 102470K, committed 102480K, reserved 1138688K
  class space    used 12446K, capacity 13312K, committed 13312K, reserved 1048576K
}
Event: 24.715 GC heap after
{Heap after GC invocations=37 (full 0):
 garbage-first heap   total 189440K, used 90037K [0x0000000080000000, 0x0000000100000000)
  region size 1024K, 1 young (1024K), 1 survivors (1024K)
 Metaspace       used 100311K, capacity 102470K, committed 102480K, reserved 1138688K
  class space    used 12446K, capacity 13312K, committed 13312K, reserved 1048576K
}
Event: 25.198 GC heap before
{Heap before GC invocations=37 (full 0):
 garbage-first heap   total 189440K, used 140213K [0x0000000080000000, 0x0000000100000000)
  region size 1024K, 51 young (52224K), 1 survivors (1024K)
 Metaspace       used 102854K, capacity 105055K, committed 105168K, reserved 1140736K
  class space    used 12735K, capacity 13608K, committed 13696K, reserved 1048576K
}
Event: 25.206 GC heap after
{Heap after GC invocations=38 (full 0):
 garbage-first heap   total 227328K, used 93004K [0x0000000080000000, 0x0000000100000000)
  region size 1024K, 4 young (4096K), 4 survivors (4096K)
 Metaspace       used 102854K, capacity 105055K, committed 105168K, reserved 1140736K
  class space    used 12735K, capacity 13608K, committed 13696K, reserved 1048576K
}
Event: 25.916 GC heap before
{Heap before GC invocations=39 (full 0):
 garbage-first heap   total 227328K, used 161612K [0x0000000080000000, 0x0000000100000000)
  region size 1024K, 72 young (73728K), 4 survivors (4096K)
 Metaspace       used 104643K, capacity 106896K, committed 107088K, reserved 1142784K
  class space    used 12945K, capacity 13794K, committed 13824K, reserved 1048576K
}
Event: 25.924 GC heap after
{Heap after GC invocations=40 (full 0):
 garbage-first heap   total 227328K, used 100297K [0x0000000080000000, 0x0000000100000000)
  region size 1024K, 9 young (9216K), 9 survivors (9216K)
 Metaspace       used 104643K, capacity 106896K, committed 107088K, reserved 1142784K
  class space    used 12945K, capacity 13794K, committed 13824K, reserved 1048576K
}
Event: 26.748 GC heap before
{Heap before GC invocations=40 (full 0):
 garbage-first heap   total 227328K, used 167881K [0x0000000080000000, 0x0000000100000000)
  region size 1024K, 76 young (77824K), 9 survivors (9216K)
 Metaspace       used 110195K, capacity 112617K, committed 112720K, reserved 1146880K
  class space    used 13642K, capacity 14548K, committed 14592K, reserved 1048576K
}
Event: 26.761 GC heap after
{Heap after GC invocations=41 (full 0):
 garbage-first heap   total 227328K, used 108978K [0x0000000080000000, 0x0000000100000000)
  region size 1024K, 10 young (10240K), 10 survivors (10240K)
 Metaspace       used 110195K, capacity 112617K, committed 112720K, reserved 1146880K
  class space    used 13642K, capacity 14548K, committed 14592K, reserved 1048576K
}

