# JRE version: OpenJDK Runtime Environment (11.0.13) (build 11.0.13+0-b1751.21-8125866)
# Java VM: OpenJDK 64-Bit Server VM (11.0.13+0-b1751.21-8125866, mixed mode, tiered, compressed oops, g1 gc, windows-amd64)
Heap:
 garbage-first heap   total 157696K, used 113358K [0x0000000080000000, 0x0000000100000000)
  region size 1024K, 55 young (56320K), 7 survivors (7168K)
 Metaspace       used 78908K, capacity 80575K, committed 80720K, reserved 1120256K
  class space    used 10099K, capacity 10753K, committed 10880K, reserved 1048576K
GC Heap History (20 events):
Event: 4.272 GC heap before
{Heap before GC invocations=8 (full 0):
 garbage-first heap   total 131072K, used 37321K [0x0000000080000000, 0x0000000100000000)
  region size 1024K, 22 young (22528K), 5 survivors (5120K)
 Metaspace       used 35156K, capacity 35899K, committed 36048K, reserved 1081344K
  class space    used 4511K, capacity 4790K, committed 4864K, reserved 1048576K
}
Event: 4.278 GC heap after
{Heap after GC invocations=9 (full 0):
 garbage-first heap   total 131072K, used 22896K [0x0000000080000000, 0x0000000100000000)
  region size 1024K, 6 young (6144K), 6 survivors (6144K)
 Metaspace       used 35156K, capacity 35899K, committed 36048K, reserved 1081344K
  class space    used 4511K, capacity 4790K, committed 4864K, reserved 1048576K
}
Event: 4.960 GC heap before
{Heap before GC invocations=10 (full 0):
 garbage-first heap   total 131072K, used 79216K [0x0000000080000000, 0x0000000100000000)
  region size 1024K, 59 young (60416K), 6 survivors (6144K)
 Metaspace       used 39401K, capacity 40269K, committed 40400K, reserved 1085440K
  class space    used 4962K, capacity 5326K, committed 5376K, reserved 1048576K
}
Event: 4.970 GC heap after
{Heap after GC invocations=11 (full 0):
 garbage-first heap   total 157696K, used 27360K [0x0000000080000000, 0x0000000100000000)
  region size 1024K, 8 young (8192K), 8 survivors (8192K)
 Metaspace       used 39401K, capacity 40269K, committed 40400K, reserved 1085440K
  class space    used 4962K, capacity 5326K, committed 5376K, reserved 1048576K
}
Event: 5.903 GC heap before
{Heap before GC invocations=11 (full 0):
 garbage-first heap   total 157696K, used 93920K [0x0000000080000000, 0x0000000100000000)
  region size 1024K, 72 young (73728K), 8 survivors (8192K)
 Metaspace       used 45095K, capacity 46131K, committed 46288K, reserved 1089536K
  class space    used 5709K, capacity 6075K, committed 6144K, reserved 1048576K
}
Event: 5.910 GC heap after
{Heap after GC invocations=12 (full 0):
 garbage-first heap   total 157696K, used 29980K [0x0000000080000000, 0x0000000100000000)
  region size 1024K, 7 young (7168K), 7 survivors (7168K)
 Metaspace       used 45095K, capacity 46131K, committed 46288K, reserved 1089536K
  class space    used 5709K, capacity 6075K, committed 6144K, reserved 1048576K
}
Event: 6.887 GC heap before
{Heap before GC invocations=12 (full 0):
 garbage-first heap   total 157696K, used 97564K [0x0000000080000000, 0x0000000100000000)
  region size 1024K, 74 young (75776K), 7 survivors (7168K)
 Metaspace       used 48687K, capacity 49867K, committed 50128K, reserved 1093632K
  class space    used 6132K, capacity 6593K, committed 6656K, reserved 1048576K
}
Event: 6.893 GC heap after
{Heap after GC invocations=13 (full 0):
 garbage-first heap   total 157696K, used 33028K [0x0000000080000000, 0x0000000100000000)
  region size 1024K, 6 young (6144K), 6 survivors (6144K)
 Metaspace       used 48687K, capacity 49867K, committed 50128K, reserved 1093632K
  class space    used 6132K, capacity 6593K, committed 6656K, reserved 1048576K
}
Event: 7.998 GC heap before
{Heap before GC invocations=13 (full 0):
 garbage-first heap   total 157696K, used 111876K [0x0000000080000000, 0x0000000100000000)
  region size 1024K, 75 young (76800K), 6 survivors (6144K)
 Metaspace       used 55740K, capacity 57132K, committed 57168K, reserved 1099776K
  class space    used 6999K, capacity 7529K, committed 7552K, reserved 1048576K
}
Event: 8.005 GC heap after
{Heap after GC invocations=14 (full 0):
 garbage-first heap   total 157696K, used 49017K [0x0000000080000000, 0x0000000100000000)
  region size 1024K, 10 young (10240K), 10 survivors (10240K)
 Metaspace       used 55740K, capacity 57132K, committed 57168K, reserved 1099776K
  class space    used 6999K, capacity 7529K, committed 7552K, reserved 1048576K
}
Event: 8.461 GC heap before
{Heap before GC invocations=14 (full 0):
 garbage-first heap   total 157696K, used 73593K [0x0000000080000000, 0x0000000100000000)
  region size 1024K, 35 young (35840K), 10 survivors (10240K)
 Metaspace       used 58999K, capacity 60378K, committed 60508K, reserved 1101824K
  class space    used 7382K, capacity 7926K, committed 7936K, reserved 1048576K
}
Event: 8.468 GC heap after
{Heap after GC invocations=15 (full 0):
 garbage-first heap   total 157696K, used 51280K [0x0000000080000000, 0x0000000100000000)
  region size 1024K, 2 young (2048K), 2 survivors (2048K)
 Metaspace       used 58999K, capacity 60378K, committed 60508K, reserved 1101824K
  class space    used 7382K, capacity 7926K, committed 7936K, reserved 1048576K
}
Event: 9.331 GC heap before
{Heap before GC invocations=16 (full 0):
 garbage-first heap   total 157696K, used 108624K [0x0000000080000000, 0x0000000100000000)
  region size 1024K, 52 young (53248K), 2 survivors (2048K)
 Metaspace       used 63994K, capacity 65407K, committed 65616K, reserved 1105920K
  class space    used 7996K, capacity 8550K, committed 8576K, reserved 1048576K
}
Event: 9.337 GC heap after
{Heap after GC invocations=17 (full 0):
 garbage-first heap   total 157696K, used 55654K [0x0000000080000000, 0x0000000100000000)
  region size 1024K, 6 young (6144K), 6 survivors (6144K)
 Metaspace       used 63994K, capacity 65407K, committed 65616K, reserved 1105920K
  class space    used 7996K, capacity 8550K, committed 8576K, reserved 1048576K
}
Event: 9.992 GC heap before
{Heap before GC invocations=18 (full 0):
 garbage-first heap   total 157696K, used 106854K [0x0000000080000000, 0x0000000100000000)
  region size 1024K, 56 young (57344K), 6 survivors (6144K)
 Metaspace       used 68127K, capacity 69648K, committed 69840K, reserved 1110016K
  class space    used 8519K, capacity 9102K, committed 9216K, reserved 1048576K
}
Event: 10.000 GC heap after
{Heap after GC invocations=19 (full 0):
 garbage-first heap   total 157696K, used 58546K [0x0000000080000000, 0x0000000100000000)
  region size 1024K, 3 young (3072K), 3 survivors (3072K)
 Metaspace       used 68127K, capacity 69648K, committed 69840K, reserved 1110016K
  class space    used 8519K, capacity 9102K, committed 9216K, reserved 1048576K
}
Event: 10.336 GC heap before
{Heap before GC invocations=19 (full 0):
 garbage-first heap   total 157696K, used 110770K [0x0000000080000000, 0x0000000100000000)
  region size 1024K, 54 young (55296K), 3 survivors (3072K)
 Metaspace       used 69281K, capacity 70871K, committed 70992K, reserved 1112064K
  class space    used 8648K, capacity 9271K, committed 9344K, reserved 1048576K
}
Event: 10.342 GC heap after
{Heap after GC invocations=20 (full 0):
 garbage-first heap   total 157696K, used 62261K [0x0000000080000000, 0x0000000100000000)
  region size 1024K, 7 young (7168K), 7 survivors (7168K)
 Metaspace       used 69281K, capacity 70871K, committed 70992K, reserved 1112064K
  class space    used 8648K, capacity 9271K, committed 9344K, reserved 1048576K
}
Event: 11.036 GC heap before
{Heap before GC invocations=20 (full 0):
 garbage-first heap   total 157696K, used 114485K [0x0000000080000000, 0x0000000100000000)
  region size 1024K, 58 young (59392K), 7 survivors (7168K)
 Metaspace       used 75054K, capacity 76620K, committed 76752K, reserved 1116160K
  class space    used 9567K, capacity 10180K, committed 10240K, reserved 1048576K
}
Event: 11.044 GC heap after
{Heap after GC invocations=21 (full 0):
 garbage-first heap   total 157696K, used 65230K [0x0000000080000000, 0x0000000100000000)
  region size 1024K, 7 young (7168K), 7 survivors (7168K)
 Metaspace       used 75054K, capacity 76620K, committed 76752K, reserved 1116160K
  class space    used 9567K, capacity 10180K, committed 10240K, reserved 1048576K
}

