# JRE version: OpenJDK Runtime Environment (11.0.13) (build 11.0.13+0-b1751.21-8125866)
# Java VM: OpenJDK 64-Bit Server VM (11.0.13+0-b1751.21-8125866, mixed mode, tiered, compressed oops, g1 gc, windows-amd64)
Heap:
 garbage-first heap   total 689152K, used 202657K [0x0000000080000000, 0x0000000100000000)
  region size 1024K, 7 young (7168K), 7 survivors (7168K)
 Metaspace       used 135401K, capacity 139824K, committed 140112K, reserved 1171456K
  class space    used 16434K, capacity 18070K, committed 18124K, reserved 1048576K
GC Heap History (20 events):
Event: 14136.599 GC heap before
{Heap before GC invocations=138 (full 0):
 garbage-first heap   total 209920K, used 175999K [0x0000000080000000, 0x0000000100000000)
  region size 1024K, 10 young (10240K), 2 survivors (2048K)
 Metaspace       used 134467K, capacity 138652K, committed 139600K, reserved 1171456K
  class space    used 16328K, capacity 17888K, committed 18124K, reserved 1048576K
}
Event: 14136.606 GC heap after
{Heap after GC invocations=139 (full 0):
 garbage-first heap   total 209920K, used 172739K [0x0000000080000000, 0x0000000100000000)
  region size 1024K, 2 young (2048K), 2 survivors (2048K)
 Metaspace       used 134467K, capacity 138652K, committed 139600K, reserved 1171456K
  class space    used 16328K, capacity 17888K, committed 18124K, reserved 1048576K
}
Event: 14136.637 GC heap before
{Heap before GC invocations=139 (full 0):
 garbage-first heap   total 209920K, used 180931K [0x0000000080000000, 0x0000000100000000)
  region size 1024K, 10 young (10240K), 2 survivors (2048K)
 Metaspace       used 134467K, capacity 138652K, committed 139600K, reserved 1171456K
  class space    used 16328K, capacity 17888K, committed 18124K, reserved 1048576K
}
Event: 14136.643 GC heap after
{Heap after GC invocations=140 (full 0):
 garbage-first heap   total 209920K, used 177877K [0x0000000080000000, 0x0000000100000000)
  region size 1024K, 2 young (2048K), 2 survivors (2048K)
 Metaspace       used 134467K, capacity 138652K, committed 139600K, reserved 1171456K
  class space    used 16328K, capacity 17888K, committed 18124K, reserved 1048576K
}
Event: 14136.673 GC heap before
{Heap before GC invocations=140 (full 0):
 garbage-first heap   total 209920K, used 186069K [0x0000000080000000, 0x0000000100000000)
  region size 1024K, 10 young (10240K), 2 survivors (2048K)
 Metaspace       used 134467K, capacity 138652K, committed 139600K, reserved 1171456K
  class space    used 16328K, capacity 17888K, committed 18124K, reserved 1048576K
}
Event: 14136.684 GC heap after
{Heap after GC invocations=141 (full 0):
 garbage-first heap   total 251904K, used 182128K [0x0000000080000000, 0x0000000100000000)
  region size 1024K, 2 young (2048K), 2 survivors (2048K)
 Metaspace       used 134467K, capacity 138652K, committed 139600K, reserved 1171456K
  class space    used 16328K, capacity 17888K, committed 18124K, reserved 1048576K
}
Event: 14137.122 GC heap before
{Heap before GC invocations=142 (full 0):
 garbage-first heap   total 251904K, used 202608K [0x0000000080000000, 0x0000000100000000)
  region size 1024K, 22 young (22528K), 2 survivors (2048K)
 Metaspace       used 134987K, capacity 139326K, committed 139856K, reserved 1171456K
  class space    used 16410K, capacity 18028K, committed 18124K, reserved 1048576K
}
Event: 14137.133 GC heap after
{Heap after GC invocations=143 (full 0):
 garbage-first heap   total 251904K, used 184987K [0x0000000080000000, 0x0000000100000000)
  region size 1024K, 3 young (3072K), 3 survivors (3072K)
 Metaspace       used 134987K, capacity 139326K, committed 139856K, reserved 1171456K
  class space    used 16410K, capacity 18028K, committed 18124K, reserved 1048576K
}
Event: 14137.253 GC heap before
{Heap before GC invocations=143 (full 0):
 garbage-first heap   total 251904K, used 194203K [0x0000000080000000, 0x0000000100000000)
  region size 1024K, 12 young (12288K), 3 survivors (3072K)
 Metaspace       used 135017K, capacity 139368K, committed 139856K, reserved 1171456K
  class space    used 16414K, capacity 18035K, committed 18124K, reserved 1048576K
}
Event: 14137.261 GC heap after
{Heap after GC invocations=144 (full 0):
 garbage-first heap   total 251904K, used 182572K [0x0000000080000000, 0x0000000100000000)
  region size 1024K, 2 young (2048K), 2 survivors (2048K)
 Metaspace       used 135017K, capacity 139368K, committed 139856K, reserved 1171456K
  class space    used 16414K, capacity 18035K, committed 18124K, reserved 1048576K
}
Event: 14137.333 GC heap before
{Heap before GC invocations=144 (full 0):
 garbage-first heap   total 251904K, used 204076K [0x0000000080000000, 0x0000000100000000)
  region size 1024K, 23 young (23552K), 2 survivors (2048K)
 Metaspace       used 135078K, capacity 139426K, committed 139856K, reserved 1171456K
  class space    used 16423K, capacity 18051K, committed 18124K, reserved 1048576K
}
Event: 14137.339 GC heap after
{Heap after GC invocations=145 (full 0):
 garbage-first heap   total 251904K, used 185547K [0x0000000080000000, 0x0000000100000000)
  region size 1024K, 3 young (3072K), 3 survivors (3072K)
 Metaspace       used 135078K, capacity 139426K, committed 139856K, reserved 1171456K
  class space    used 16423K, capacity 18051K, committed 18124K, reserved 1048576K
}
Event: 14137.696 GC heap before
{Heap before GC invocations=145 (full 0):
 garbage-first heap   total 251904K, used 200907K [0x0000000080000000, 0x0000000100000000)
  region size 1024K, 24 young (24576K), 3 survivors (3072K)
 Metaspace       used 135163K, capacity 139509K, committed 139856K, reserved 1171456K
  class space    used 16425K, capacity 18053K, committed 18124K, reserved 1048576K
}
Event: 14137.707 GC heap after
{Heap after GC invocations=146 (full 0):
 garbage-first heap   total 379904K, used 180792K [0x0000000080000000, 0x0000000100000000)
  region size 1024K, 2 young (2048K), 2 survivors (2048K)
 Metaspace       used 135163K, capacity 139509K, committed 139856K, reserved 1171456K
  class space    used 16425K, capacity 18053K, committed 18124K, reserved 1048576K
}
Event: 14138.678 GC heap before
{Heap before GC invocations=147 (full 0):
 garbage-first heap   total 379904K, used 267832K [0x0000000080000000, 0x0000000100000000)
  region size 1024K, 72 young (73728K), 2 survivors (2048K)
 Metaspace       used 135261K, capacity 139652K, committed 139856K, reserved 1171456K
  class space    used 16433K, capacity 18068K, committed 18124K, reserved 1048576K
}
Event: 14138.699 GC heap after
{Heap after GC invocations=148 (full 0):
 garbage-first heap   total 379904K, used 203320K [0x0000000080000000, 0x0000000100000000)
  region size 1024K, 9 young (9216K), 9 survivors (9216K)
 Metaspace       used 135261K, capacity 139652K, committed 139856K, reserved 1171456K
  class space    used 16433K, capacity 18068K, committed 18124K, reserved 1048576K
}
Event: 14138.707 GC heap before
{Heap before GC invocations=148 (full 0):
 garbage-first heap   total 379904K, used 212536K [0x0000000080000000, 0x0000000100000000)
  region size 1024K, 18 young (18432K), 9 survivors (9216K)
 Metaspace       used 135261K, capacity 139652K, committed 139856K, reserved 1171456K
  class space    used 16433K, capacity 18068K, committed 18124K, reserved 1048576K
}
Event: 14138.746 GC heap after
{Heap after GC invocations=149 (full 0):
 garbage-first heap   total 379904K, used 198521K [0x0000000080000000, 0x0000000100000000)
  region size 1024K, 2 young (2048K), 2 survivors (2048K)
 Metaspace       used 135261K, capacity 139652K, committed 139856K, reserved 1171456K
  class space    used 16433K, capacity 18068K, committed 18124K, reserved 1048576K
}
Event: 14138.814 GC heap before
{Heap before GC invocations=149 (full 0):
 garbage-first heap   total 379904K, used 210809K [0x0000000080000000, 0x0000000100000000)
  region size 1024K, 15 young (15360K), 2 survivors (2048K)
 Metaspace       used 135261K, capacity 139652K, committed 139856K, reserved 1171456K
  class space    used 16433K, capacity 18068K, committed 18124K, reserved 1048576K
}
Event: 14138.827 GC heap after
{Heap after GC invocations=150 (full 0):
 garbage-first heap   total 379904K, used 200901K [0x0000000080000000, 0x0000000100000000)
  region size 1024K, 5 young (5120K), 5 survivors (5120K)
 Metaspace       used 135261K, capacity 139652K, committed 139856K, reserved 1171456K
  class space    used 16433K, capacity 18068K, committed 18124K, reserved 1048576K
}

